<?xml version="1.0" encoding="UTF-8"?>
<!-- Generated by org.testng.reporters.JUnitReportReporter -->
<testsuite hostname="ubuntu" name="gov.nasa.jpf.constraints.parser.ParserTest" tests="1" failures="0" timestamp="17 Jun 2019 11:15:40 GMT" time="0.164" errors="0">
  <testcase name="testParser" time="0.164" classname="gov.nasa.jpf.constraints.parser.ParserTest"/>
</testsuite> <!-- gov.nasa.jpf.constraints.parser.ParserTest -->
