<?xml version="1.0" encoding="UTF-8"?>
<!-- Generated by org.testng.reporters.JUnitReportReporter -->
<testsuite hostname="ubuntu" name="gov.nasa.jpf.constraints.expressions.PrintTest" tests="2" failures="0" timestamp="17 Jun 2019 11:15:40 GMT" time="0.013" errors="0">
  <testcase name="testPrint" time="0.012" classname="gov.nasa.jpf.constraints.expressions.PrintTest"/>
  <testcase name="testMalformedPrint" time="0.001" classname="gov.nasa.jpf.constraints.expressions.PrintTest"/>
</testsuite> <!-- gov.nasa.jpf.constraints.expressions.PrintTest -->
