<?xml version="1.0" encoding="UTF-8"?>
<!-- Generated by org.testng.reporters.JUnitReportReporter -->
<testsuite hostname="ubuntu" name="gov.nasa.jpf.constraints.expressions.IfThenElseTest" tests="1" failures="0" timestamp="17 Jun 2019 11:15:40 GMT" time="0.006" errors="0">
  <testcase name="testIfThenElse" time="0.006" classname="gov.nasa.jpf.constraints.expressions.IfThenElseTest"/>
</testsuite> <!-- gov.nasa.jpf.constraints.expressions.IfThenElseTest -->
