<?xml version="1.0" encoding="UTF-8"?>
<!-- Generated by org.testng.reporters.JUnitReportReporter -->
<testsuite hostname="ubuntu" name="gov.nasa.jpf.constraints.expressions.functions.math.FunctionAxiomsTest" tests="4" failures="0" timestamp="17 Jun 2019 11:15:40 GMT" time="0.072" errors="0">
  <testcase name="testSqrt" time="0.009" classname="gov.nasa.jpf.constraints.expressions.functions.math.FunctionAxiomsTest"/>
  <testcase name="testAtan2" time="0.020" classname="gov.nasa.jpf.constraints.expressions.functions.math.FunctionAxiomsTest"/>
  <testcase name="printAxiomsSin" time="0.040" classname="gov.nasa.jpf.constraints.expressions.functions.math.FunctionAxiomsTest"/>
  <testcase name="testLogExp" time="0.003" classname="gov.nasa.jpf.constraints.expressions.functions.math.FunctionAxiomsTest"/>
</testsuite> <!-- gov.nasa.jpf.constraints.expressions.functions.math.FunctionAxiomsTest -->
