<?xml version="1.0" encoding="UTF-8"?>
<!-- Generated by org.testng.reporters.JUnitReportReporter -->
<testsuite hostname="ubuntu" name="gov.nasa.jpf.constraints.expressions.functions.math.IntegerFunctionTest" tests="1" failures="0" timestamp="17 Jun 2019 11:15:40 GMT" time="0.002" errors="0">
  <testcase name="testIntegerFunction" time="0.002" classname="gov.nasa.jpf.constraints.expressions.functions.math.IntegerFunctionTest"/>
</testsuite> <!-- gov.nasa.jpf.constraints.expressions.functions.math.IntegerFunctionTest -->
