<?xml version="1.0" encoding="UTF-8"?>
<!-- Generated by org.testng.reporters.JUnitReportReporter -->
<testsuite hostname="ubuntu" name="gov.nasa.jpf.constraints.expressions.TrigonometricTest" tests="4" failures="0" timestamp="17 Jun 2019 11:29:52 GMT" time="7.054" errors="0">
  <testcase name="testCoral1" time="0.694" classname="gov.nasa.jpf.constraints.expressions.TrigonometricTest"/>
  <testcase name="testCoral2" time="0.216" classname="gov.nasa.jpf.constraints.expressions.TrigonometricTest"/>
  <testcase name="testTrigonometrics" time="0.178" classname="gov.nasa.jpf.constraints.expressions.TrigonometricTest"/>
  <testcase name="testAtan2" time="5.966" classname="gov.nasa.jpf.constraints.expressions.TrigonometricTest"/>
</testsuite> <!-- gov.nasa.jpf.constraints.expressions.TrigonometricTest -->
