<?xml version="1.0" encoding="UTF-8"?>
<!-- Generated by org.testng.reporters.JUnitReportReporter -->
<testsuite hostname="ubuntu" name="gov.nasa.jpf.constraints.expressions.ExpressionZ3Test" tests="1" failures="0" timestamp="17 Jun 2019 11:29:52 GMT" time="0.178" errors="0">
  <testcase name="expressionTest" time="0.178" classname="gov.nasa.jpf.constraints.expressions.ExpressionZ3Test"/>
</testsuite> <!-- gov.nasa.jpf.constraints.expressions.ExpressionZ3Test -->
